
> dev
> wrangler dev src/index.ts

Using "CF_API_KEY" environment variable. This is deprecated. Please use "CLOUDFLARE_API_KEY", instead.
Proxy environment variables detected. We'll use your proxy for fetch requests.

Cloudflare collects anonymous telemetry about your usage of Wrangler. Learn more at https://github.com/cloudflare/workers-sdk/tree/main/packages/wrangler/telemetry.md

 ⛅️ wrangler 3.114.15 (update available 4.53.0)
-----------------------------------------------

[33m▲ [43;33m[[43;30mWARNING[43;33m][0m [1mThe version of Wrangler you are using is now out-of-date.[0m

  Please update to the latest version to prevent critical errors.
  Run `npm install --save-dev wrangler@4` to update to the latest version.
  After installation, run Wrangler with `npx wrangler`.


Your Worker and resources are simulated locally via Miniflare. For more information, see: https://developers.cloudflare.com/workers/testing/local-development.

Your worker has access to the following bindings:
- D1 Databases:
  - DB: espanol-pro-db (b82f1c79-87d8-4414-8204-30d9c282339e) [simulated locally]
- R2 Buckets:
  - BUCKET: espanol-pro-content [simulated locally]
- AI:
  - Name: AI [connected to remote resource]
[33m▲ [43;33m[[43;30mWARNING[43;33m][0m [1mUsing Workers AI always accesses your Cloudflare account in order to run AI models, and so will incur usage charges even in local development.[0m


⎔ Starting local server...
[wrangler:inf] Ready on http://localhost:8787
[wrangler:inf] GET / 200 OK (4ms)
[wrangler:inf] GET /api/courses 200 OK (6ms)
[wrangler:inf] GET /api/courses/c1 200 OK (3ms)
[wrangler:inf] GET /api/units/u1/lessons 200 OK (2ms)
[wrangler:inf] GET /api/lessons/l1 200 OK (3ms)
[wrangler:inf] GET /api/lessons/l2 200 OK (2ms)
[wrangler:inf] GET /api/lessons/l3 200 OK (1ms)
[wrangler:inf] GET /api/units/u2/lessons 200 OK (1ms)
[wrangler:inf] GET /api/courses/c3 200 OK (2ms)
[wrangler:inf] GET /api/courses/c2 200 OK (2ms)
[wrangler:inf] GET /api/units/u_c2_1/lessons 200 OK (1ms)
[wrangler:inf] GET /api/lessons/l_c2_1 200 OK (1ms)
⎔ Reloading local server...
⎔ Reloading local server...
⎔ Reloading local server...
⎔ Reloading local server...
⎔ Reloading local server...
⎔ Reloading local server...
⎔ Reloading local server...
